<?xml version="1.0" encoding="UTF-8"?>
<!-- Generated by org.testng.reporters.JUnitReportReporter -->
<testsuite hostname="LAPTOP-3T5QBPT9" failures="0" tests="2" name="testscript.ManageCategoryTest" time="10.745" errors="0" timestamp="2025-06-17T14:32:41 IST" skipped="0">
  <testcase classname="testscript.ManageCategoryTest" name="verifywhetherUsercanSearchTheCategoryDetails" time="5.049"/>
  <testcase classname="testscript.ManageCategoryTest" name="verifyWhetherTheUserCanEnterTheNewCategoryDetails" time="5.696"/>
</testsuite> <!-- testscript.ManageCategoryTest -->
