<?xml version="1.0" encoding="UTF-8"?>
<!-- Generated by org.testng.reporters.JUnitReportReporter -->
<testsuite hostname="LAPTOP-3T5QBPT9" failures="0" tests="1" name="testScript.ManageCategoryTest" time="4.391" errors="0" timestamp="2025-06-09T14:15:33 IST" skipped="0">
  <testcase classname="testScript.ManageCategoryTest" name="verifywhetherUsercanSearchTheCategoryDetails" time="4.391"/>
</testsuite> <!-- testScript.ManageCategoryTest -->
