<?xml version="1.0" encoding="UTF-8"?>
<!-- Generated by org.testng.reporters.JUnitReportReporter -->
<testsuite hostname="LAPTOP-3T5QBPT9" failures="0" tests="1" name="testscript.HomeTest" time="5.129" errors="0" timestamp="2025-06-18T15:04:30 IST" skipped="0">
  <testcase classname="testscript.HomeTest" name="verifywheatherUserCanSuccessfullyLogout" time="5.129"/>
</testsuite> <!-- testscript.HomeTest -->
