<?xml version="1.0" encoding="UTF-8"?>
<!-- Generated by org.testng.reporters.JUnitReportReporter -->
<testsuite hostname="LAPTOP-3T5QBPT9" failures="0" tests="3" name="testscript.LoginTest" time="11.647" errors="0" timestamp="2025-06-17T14:32:41 IST" skipped="0">
  <testcase classname="testscript.LoginTest" name="verifyUserLoginWithInValidUserNameandInValidpassword" time="3.532"/>
  <testcase classname="testscript.LoginTest" name="verifyUserLoginWithInValidUserNameandInValidpassword" time="3.000"/>
  <testcase classname="testscript.LoginTest" name="verifyUserLoginWithInValidUserNameandInValidpassword" time="5.115"/>
</testsuite> <!-- testscript.LoginTest -->
