<?xml version="1.0" encoding="UTF-8"?>
<!-- Generated by org.testng.reporters.JUnitReportReporter -->
<testsuite hostname="LAPTOP-3T5QBPT9" failures="0" tests="1" name="testScript.ManageNewsTest" time="5.651" errors="0" timestamp="2025-06-09T12:58:41 IST" skipped="0">
  <testcase classname="testScript.ManageNewsTest" name="verifywhetherUserCanSearchNews" time="5.651"/>
</testsuite> <!-- testScript.ManageNewsTest -->
