<?xml version="1.0" encoding="UTF-8"?>
<!-- Generated by org.testng.reporters.JUnitReportReporter -->
<testsuite hostname="LAPTOP-3T5QBPT9" failures="0" tests="1" name="testScript.AdminUsersTest" time="7.025" errors="0" timestamp="2025-06-11T12:26:05 IST" skipped="0">
  <testcase classname="testScript.AdminUsersTest" name="verifywhetherUsercanSearchthenewlyaddedUser" time="7.025"/>
</testsuite> <!-- testScript.AdminUsersTest -->
