<?xml version="1.0" encoding="UTF-8"?>
<!-- Generated by org.testng.reporters.JUnitReportReporter -->
<testsuite hostname="LAPTOP-3T5QBPT9" failures="0" tests="1" name="testScript.AdminUsersTest" time="4.422" errors="0" timestamp="2025-06-09T12:56:55 IST" skipped="0">
  <testcase classname="testScript.AdminUsersTest" name="verifywhetherUsercanSearchthenewlyaddedUser" time="4.422"/>
</testsuite> <!-- testScript.AdminUsersTest -->
