<?xml version="1.0" encoding="UTF-8"?>
<!-- Generated by org.testng.reporters.JUnitReportReporter -->
<testsuite hostname="LAPTOP-3T5QBPT9" failures="0" tests="2" name="testScript.LoginTest" time="7.549" errors="0" timestamp="2025-06-11T11:14:11 IST" skipped="0">
  <testcase classname="testScript.LoginTest" name="verifyUserLoginWithValidCredentials" time="3.725"/>
  <testcase classname="testScript.LoginTest" name="verifyUserLoginWithValidUserNameandInValidpassword" time="3.824"/>
</testsuite> <!-- testScript.LoginTest -->
