<?xml version="1.0" encoding="UTF-8"?>
<!-- Generated by org.testng.reporters.JUnitReportReporter -->
<testsuite hostname="LAPTOP-3T5QBPT9" failures="0" tests="2" name="testscript.ManageCategoryTest" time="11.221" errors="0" timestamp="2025-06-18T15:04:30 IST" skipped="0">
  <testcase classname="testscript.ManageCategoryTest" name="verifywhetherUsercanSearchTheCategoryDetails" time="5.045"/>
  <testcase classname="testscript.ManageCategoryTest" name="verifyWhetherTheUserCanEnterTheNewCategoryDetails" time="6.176"/>
</testsuite> <!-- testscript.ManageCategoryTest -->
