<?xml version="1.0" encoding="UTF-8"?>
<!-- Generated by org.testng.reporters.JUnitReportReporter -->
<testsuite hostname="LAPTOP-3T5QBPT9" failures="0" tests="1" name="testScript.ManageCategoryTest" time="6.858" errors="0" timestamp="2025-06-02T09:57:09 IST" skipped="0">
  <testcase classname="testScript.ManageCategoryTest" name="verifyWhetherTheUserCanEnterTheNewCategoryDetails" time="6.858"/>
</testsuite> <!-- testScript.ManageCategoryTest -->
