<?xml version="1.0" encoding="UTF-8"?>
<!-- Generated by org.testng.reporters.JUnitReportReporter -->
<testsuite hostname="LAPTOP-3T5QBPT9" failures="0" tests="2" name="testscript.AdminUsersTest" time="12.606" errors="0" timestamp="2025-06-18T15:04:30 IST" skipped="0">
  <testcase classname="testscript.AdminUsersTest" name="verifyWhethertheUsercanaddNewAdminuser" time="6.516"/>
  <testcase classname="testscript.AdminUsersTest" name="verifywhetherUsercanSearchthenewlyaddedUser" time="6.090"/>
</testsuite> <!-- testscript.AdminUsersTest -->
