<?xml version="1.0" encoding="UTF-8"?>
<!-- Generated by org.testng.reporters.JUnitReportReporter -->
<testsuite hostname="LAPTOP-3T5QBPT9" failures="0" tests="4" name="testScript.LoginTest" time="10.687" errors="0" timestamp="2025-06-09T11:58:40 IST" skipped="0">
  <testcase classname="testScript.LoginTest" name="VerifyUserLoginWithValidCredentials" time="4.138"/>
  <testcase classname="testScript.LoginTest" name="VerifyUserLoginWithValidUserNameandInValidpassword" time="2.165"/>
  <testcase classname="testScript.LoginTest" name="VerifyUserLoginWithInValidUserNameandValidpassword" time="2.152"/>
  <testcase classname="testScript.LoginTest" name="VerifyUserLoginWithInValidUserNameandInValidpassword" time="2.232"/>
</testsuite> <!-- testScript.LoginTest -->
