<?xml version="1.0" encoding="UTF-8"?>
<!-- Generated by org.testng.reporters.JUnitReportReporter -->
<testsuite hostname="LAPTOP-3T5QBPT9" failures="0" tests="1" name="testScript.LoginTest" time="3.278" errors="0" timestamp="2025-05-27T12:16:06 IST" skipped="0">
  <testcase classname="testScript.LoginTest" name="VerifyUserLoginWithInValidUserNameandInValidpassword" time="3.278"/>
</testsuite> <!-- testScript.LoginTest -->
