<?xml version="1.0" encoding="UTF-8"?>
<!-- Generated by org.testng.reporters.JUnitReportReporter -->
<testsuite hostname="LAPTOP-3T5QBPT9" failures="0" tests="2" name="testscript.ManageNewsTest" time="10.933" errors="0" timestamp="2025-06-18T15:04:30 IST" skipped="0">
  <testcase classname="testscript.ManageNewsTest" name="verifyWhethertheUsercanaddNewNews" time="5.255"/>
  <testcase classname="testscript.ManageNewsTest" name="verifywhetherUserCanSearchNews" time="5.678"/>
</testsuite> <!-- testscript.ManageNewsTest -->
