<?xml version="1.0" encoding="UTF-8"?>
<!-- Generated by org.testng.reporters.JUnitReportReporter -->
<testsuite hostname="LAPTOP-3T5QBPT9" failures="0" tests="3" name="testScript.AdminUsersTest" time="9.340" errors="0" timestamp="2025-05-30T12:24:27 IST" skipped="0">
  <testcase classname="testScript.AdminUsersTest" name="verifyWhethertheUsercanaddNewAdminuser" time="3.441"/>
  <testcase classname="testScript.AdminUsersTest" name="verifywhetherUsercanSearchthenewlyaddedUser" time="3.042"/>
  <testcase classname="testScript.AdminUsersTest" name="verifyWhethertheUsercannavigatetoAdminuserspage" time="2.857"/>
</testsuite> <!-- testScript.AdminUsersTest -->
