<?xml version="1.0" encoding="UTF-8"?>
<!-- Generated by org.testng.reporters.JUnitReportReporter -->
<testsuite hostname="LAPTOP-3T5QBPT9" failures="0" tests="1" name="testScript.HomeTest" time="4.240" errors="0" timestamp="2025-06-11T10:00:03 IST" skipped="0">
  <testcase classname="testScript.HomeTest" name="VerifywheatherUserCanSuccessfullyLogout" time="4.240"/>
</testsuite> <!-- testScript.HomeTest -->
