<?xml version="1.0" encoding="UTF-8"?>
<!-- Generated by org.testng.reporters.JUnitReportReporter -->
<testsuite hostname="LAPTOP-3T5QBPT9" failures="0" tests="1" name="testscript.HomeTest" time="4.370" errors="0" timestamp="2025-06-17T14:32:41 IST" skipped="0">
  <testcase classname="testscript.HomeTest" name="verifywheatherUserCanSuccessfullyLogout" time="4.370"/>
</testsuite> <!-- testscript.HomeTest -->
