<?xml version="1.0" encoding="UTF-8"?>
<!-- Generated by org.testng.reporters.JUnitReportReporter -->
<testsuite hostname="LAPTOP-3T5QBPT9" failures="0" tests="6" name="testscript.LoginTest" time="24.433" errors="0" timestamp="2025-06-18T15:04:30 IST" skipped="0">
  <testcase classname="testscript.LoginTest" name="verifyUserLoginWithValidCredentials" time="5.106"/>
  <testcase classname="testscript.LoginTest" name="verifyUserLoginWithValidUserNameandInValidpassword" time="3.572"/>
  <testcase classname="testscript.LoginTest" name="verifyUserLoginWithInValidUserNameandValidpassword" time="3.661"/>
  <testcase classname="testscript.LoginTest" name="verifyUserLoginWithInValidUserNameandInValidpassword" time="4.778"/>
  <testcase classname="testscript.LoginTest" name="verifyUserLoginWithInValidUserNameandInValidpassword" time="3.676"/>
  <testcase classname="testscript.LoginTest" name="verifyUserLoginWithInValidUserNameandInValidpassword" time="3.640"/>
</testsuite> <!-- testscript.LoginTest -->
