<?xml version="1.0" encoding="UTF-8"?>
<!-- Generated by org.testng.reporters.JUnitReportReporter -->
<testsuite hostname="LAPTOP-3T5QBPT9" failures="0" tests="1" name="seleniumBasics.TestnGAnnotations" time="0.006" errors="0" timestamp="2025-05-22T11:29:08 IST" skipped="0">
  <testcase classname="seleniumBasics.TestnGAnnotations" name="testCase" time="0.006"/>
</testsuite> <!-- seleniumBasics.TestnGAnnotations -->
