<?xml version="1.0" encoding="UTF-8"?>
<!-- Generated by org.testng.reporters.JUnitReportReporter -->
<testsuite hostname="LAPTOP-3T5QBPT9" failures="0" tests="4" name="testScript.Logintest" time="8.390" errors="0" timestamp="2025-05-26T10:52:06 IST" skipped="0">
  <testcase classname="testScript.Logintest" name="VerifyUserLoginWithValidCredentials" time="2.131"/>
  <testcase classname="testScript.Logintest" name="VerifyUserLoginWithinValidCredentials" time="1.922"/>
  <testcase classname="testScript.Logintest" name="VerifyUserLoginWithValidUserNameandinValidpassword" time="2.490"/>
  <testcase classname="testScript.Logintest" name="VerifyUserLoginWithinValidUserNameanValdidpassword" time="1.847"/>
</testsuite> <!-- testScript.Logintest -->
