<?xml version="1.0" encoding="UTF-8"?>
<!-- Generated by org.testng.reporters.JUnitReportReporter -->
<testsuite hostname="LAPTOP-3T5QBPT9" failures="0" tests="4" name="testScript.Logintest" time="11.701" errors="0" timestamp="2025-05-23T11:09:16 IST" skipped="0">
  <testcase classname="testScript.Logintest" name="VerifyUserLoginWithValidUserNameandinValidpassword" time="2.456"/>
  <testcase classname="testScript.Logintest" name="VerifyUserLoginWithinValidUserNameanValdidpassword" time="2.273"/>
  <testcase classname="testScript.Logintest" name="VerifyUserLoginWithValidCredentials" time="3.866"/>
  <testcase classname="testScript.Logintest" name="VerifyUserLoginWithinValidCredentials" time="3.106"/>
</testsuite> <!-- testScript.Logintest -->
