<?xml version="1.0" encoding="UTF-8"?>
<!-- Generated by org.testng.reporters.JUnitReportReporter -->
<testsuite hostname="LAPTOP-3T5QBPT9" failures="0" tests="4" name="testScript.Logintest" time="11.127" errors="0" timestamp="2025-05-27T10:49:10 IST" skipped="0">
  <testcase classname="testScript.Logintest" name="VerifyUserLoginWithinValidCredentials" time="2.114"/>
  <testcase classname="testScript.Logintest" name="VerifyUserLoginWithValidCredentials" time="4.831"/>
  <testcase classname="testScript.Logintest" name="VerifyUserLoginWithinValidUserNameanValdidpassword" time="2.171"/>
  <testcase classname="testScript.Logintest" name="VerifyUserLoginWithValidUserNameandinValidpassword" time="2.011"/>
</testsuite> <!-- testScript.Logintest -->
